<?xml version="1.0" encoding="UTF-8" ?>
<testsuite errors="0" failures="0" hostname="GKN-PC11" name="com.multicampus.biz.junit4.AllTests" tests="4" time="1.379" timestamp="2013-10-22T06:01:22">
  <properties>
[...]
</properties>
  <testcase classname="com.multicampus.biz.junit4.MyStackTest" name="testPush" time="0.017" />
  <testcase classname="com.multicampus.biz.junit4.MyStackTest" name="testIsEmpty" time="0.0030" />
  <testcase classname="com.multicampus.biz.junit4.MyStackTest" name="testPop" time="0.0020" />
  <testcase classname="com.multicampus.biz.junit4.BoardDAOTest" name="testGetBoard" time="1.257" />
  <system-out><![CDATA[]]></system-out>
  <system-err><![CDATA[]]></system-err>
</testsuite>
